[debug] [2023-03-02T00:02:50.375Z] ----------------------------------------------------------------------
[debug] [2023-03-02T00:02:50.378Z] Command:       C:\Program Files\nodejs\node.exe C:\Users\valfonzo\AppData\Roaming\npm\node_modules\firebase-tools\lib\bin\firebase.js init
[debug] [2023-03-02T00:02:50.378Z] CLI Version:   11.24.0
[debug] [2023-03-02T00:02:50.378Z] Platform:      win32
[debug] [2023-03-02T00:02:50.379Z] Node Version:  v18.8.0
[debug] [2023-03-02T00:02:50.388Z] Time:          Wed Mar 01 2023 21:02:50 GMT-0300 (hora estándar de Argentina)
[debug] [2023-03-02T00:02:50.389Z] ----------------------------------------------------------------------
[debug] 
[debug] [2023-03-02T00:02:50.394Z] >>> [apiv2][query] GET https://firebase-public.firebaseio.com/cli.json [none]
[debug] [2023-03-02T00:02:50.571Z] > command requires scopes: ["email","openid","https://www.googleapis.com/auth/cloudplatformprojects.readonly","https://www.googleapis.com/auth/firebase","https://www.googleapis.com/auth/cloud-platform"]
[debug] [2023-03-02T00:02:50.572Z] > authorizing via signed-in user (valfonzoch@gmail.com)
[info] 
     ######## #### ########  ######## ########     ###     ######  ########
     ##        ##  ##     ## ##       ##     ##  ##   ##  ##       ##
     ######    ##  ########  ######   ########  #########  ######  ######
     ##        ##  ##    ##  ##       ##     ## ##     ##       ## ##
     ##       #### ##     ## ######## ########  ##     ##  ######  ########

You're about to initialize a Firebase project in this directory:

  C:\Users\valfonzo\Desktop\MiProyectoFullStack

Before we get started, keep in mind:

  * You are initializing within an existing Firebase project directory

[debug] [2023-03-02T00:02:50.998Z] <<< [apiv2][status] GET https://firebase-public.firebaseio.com/cli.json 200
[debug] [2023-03-02T00:02:50.998Z] <<< [apiv2][body] GET https://firebase-public.firebaseio.com/cli.json {"cloudBuildErrorAfter":1594252800000,"cloudBuildWarnAfter":1590019200000,"defaultNode10After":1594252800000,"minVersion":"3.0.5","node8DeploysDisabledAfter":1613390400000,"node8RuntimeDisabledAfter":1615809600000,"node8WarnAfter":1600128000000}
[info] 
=== Project Setup
[info] 
[info] First, let's associate this project directory with a Firebase project.
[info] You can create multiple project aliases by running firebase use --add, 
[info] but for now we'll just set up a default project.
[info] 
[debug] [2023-03-02T00:08:23.777Z] Using project from CLI flag: frontendvanessa
[debug] [2023-03-02T00:08:23.779Z] > refreshing access token with scopes: []
[debug] [2023-03-02T00:08:23.782Z] >>> [apiv2][query] POST https://www.googleapis.com/oauth2/v3/token [none]
[debug] [2023-03-02T00:08:23.782Z] >>> [apiv2][body] POST https://www.googleapis.com/oauth2/v3/token [omitted]
[debug] [2023-03-02T00:08:23.952Z] <<< [apiv2][status] POST https://www.googleapis.com/oauth2/v3/token 200
[debug] [2023-03-02T00:08:23.952Z] <<< [apiv2][body] POST https://www.googleapis.com/oauth2/v3/token [omitted]
[debug] [2023-03-02T00:08:23.963Z] >>> [apiv2][query] GET https://firebase.googleapis.com/v1beta1/projects/frontendvanessa [none]
[debug] [2023-03-02T00:08:24.365Z] <<< [apiv2][status] GET https://firebase.googleapis.com/v1beta1/projects/frontendvanessa 200
[debug] [2023-03-02T00:08:24.365Z] <<< [apiv2][body] GET https://firebase.googleapis.com/v1beta1/projects/frontendvanessa {"projectId":"frontendvanessa","projectNumber":"812600281632","displayName":"FrontEndVanessa","name":"projects/frontendvanessa","resources":{"hostingSite":"frontendvanessa"},"state":"ACTIVE","etag":"1_fcde5c95-aad6-4686-ae60-9c37ac7169e8"}
[info] i  Using project frontendvanessa (FrontEndVanessa) 
[info] 
=== Hosting Setup
[info] 
[info] Your public directory is the folder (relative to your project directory) that
[info] will contain Hosting assets to be uploaded with firebase deploy. If you
[info] have a build process for your assets, use your build's output directory.
[info] 
[info] +  Wrote (public) dist\mi-proyecto-full-stack/404.html 
[debug] [2023-03-02T00:10:56.351Z] >>> [apiv2][query] GET https://www.gstatic.com/firebasejs/releases.json [none]
[debug] [2023-03-02T00:10:56.458Z] <<< [apiv2][status] GET https://www.gstatic.com/firebasejs/releases.json 200
[debug] [2023-03-02T00:10:56.458Z] <<< [apiv2][body] GET https://www.gstatic.com/firebasejs/releases.json {"current":{"version":"9.17.1","browserURL":"https://www.gstatic.com/firebasejs/9.17.1/firebase.js","packageURL":"https://www.gstatic.com/firebasejs/9.17.1/firebase.tgz"},"live":{"version":"9.17","browserURL":"https://www.gstatic.com/firebasejs/live/9.17/firebase.js","packageURL":"https://www.gstatic.com/firebasejs/live/9.17/firebase.tgz"},"components":{"analytics":"https://www.gstatic.com/firebasejs/9.17.1/firebase-analytics.js","app":"https://www.gstatic.com/firebasejs/9.17.1/firebase-app.js","app-check":"https://www.gstatic.com/firebasejs/9.17.1/firebase-app-check.js","auth":"https://www.gstatic.com/firebasejs/9.17.1/firebase-auth.js","auth/cordova":"https://www.gstatic.com/firebasejs/9.17.1/firebase-auth/cordova.js","auth/react-native":"https://www.gstatic.com/firebasejs/9.17.1/firebase-auth/react-native.js","functions":"https://www.gstatic.com/firebasejs/9.17.1/firebase-functions.js","firestore":"https://www.gstatic.com/firebasejs/9.17.1/firebase-firestore.js","firestore/lite":"https://www.gstatic.com/firebasejs/9.17.1/firebase-firestore/lite.js","installations":"https://www.gstatic.com/firebasejs/9.17.1/firebase-installations.js","storage":"https://www.gstatic.com/firebasejs/9.17.1/firebase-storage.js","performance":"https://www.gstatic.com/firebasejs/9.17.1/firebase-performance.js","remote-config":"https://www.gstatic.com/firebasejs/9.17.1/firebase-remote-config.js","messaging":"https://www.gstatic.com/firebasejs/9.17.1/firebase-messaging.js","messaging/sw":"https://www.gstatic.com/firebasejs/9.17.1/firebase-messaging/sw.js","database":"https://www.gstatic.com/firebasejs/9.17.1/firebase-database.js","firestore.memory":"https://www.gstatic.com/firebasejs/9.17.1/firebase-firestore.memory.js"}}
[info] +  Wrote (public) dist\mi-proyecto-full-stack/index.html 
[info] 
[info] i  Detected a .git folder at C:\Users\valfonzo\Desktop\MiProyectoFullStack 
[info] i  Authorizing with GitHub to upload your service account to a GitHub repository's secrets store. 
[info] 
[info] Visit this URL on this device to log in:
[info] https://github.com/login/oauth/authorize?client_id=89cf50f02ac6aaed3484&state=108874845&redirect_uri=http%3A%2F%2Flocalhost%3A9005&scope=read%3Auser%20repo%20public_repo
[info] 
[info] Waiting for authentication...
[debug] [2023-03-02T00:10:57.512Z] >>> [apiv2][query] POST https://github.com/login/oauth/access_token [none]
[debug] [2023-03-02T00:10:57.513Z] >>> [apiv2][body] POST https://github.com/login/oauth/access_token [stream]
[debug] [2023-03-02T00:10:57.882Z] <<< [apiv2][status] POST https://github.com/login/oauth/access_token 200
[debug] [2023-03-02T00:10:57.883Z] <<< [apiv2][body] POST https://github.com/login/oauth/access_token {"access_token":"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","token_type":"bearer","scope":"read:user,repo"}
[debug] [2023-03-02T00:10:57.890Z] >>> [apiv2][query] GET https://api.github.com/user [none]
[debug] [2023-03-02T00:10:58.296Z] <<< [apiv2][status] GET https://api.github.com/user 200
[debug] [2023-03-02T00:10:58.296Z] <<< [apiv2][body] GET https://api.github.com/user {"login":"valfonzoch","id":108243232,"node_id":"U_kgDOBnOpIA","avatar_url":"https://avatars.githubusercontent.com/u/108243232?v=4","gravatar_id":"","url":"https://api.github.com/users/valfonzoch","html_url":"https://github.com/valfonzoch","followers_url":"https://api.github.com/users/valfonzoch/followers","following_url":"https://api.github.com/users/valfonzoch/following{/other_user}","gists_url":"https://api.github.com/users/valfonzoch/gists{/gist_id}","starred_url":"https://api.github.com/users/valfonzoch/starred{/owner}{/repo}","subscriptions_url":"https://api.github.com/users/valfonzoch/subscriptions","organizations_url":"https://api.github.com/users/valfonzoch/orgs","repos_url":"https://api.github.com/users/valfonzoch/repos","events_url":"https://api.github.com/users/valfonzoch/events{/privacy}","received_events_url":"https://api.github.com/users/valfonzoch/received_events","type":"User","site_admin":false,"name":null,"company":null,"blog":"","location":null,"email":null,"hireable":null,"bio":null,"twitter_username":null,"public_repos":4,"public_gists":0,"followers":0,"following":0,"created_at":"2022-06-26T23:31:57Z","updated_at":"2023-02-25T18:12:07Z","private_gists":0,"total_private_repos":1,"owned_private_repos":1,"disk_usage":197007,"collaborators":0,"two_factor_authentication":false,"plan":{"name":"free","space":976562499,"collaborators":0,"private_repos":10000}}
[info] 
[info] +  Success! Logged into GitHub as valfonzoch 
[info] 
